<?xml version="1.0" encoding="UTF-8"?>
<!-- Generated by org.testng.reporters.JUnitReportReporter -->
<testsuite hostname="CMD5CD93016TZ" failures="0" tests="1" name="tests.ThreeTest" time="0.003" errors="0" timestamp="2022-04-09T09:41:06 BST" skipped="0">
  <testcase classname="tests.ThreeTest" name="threeTest" time="0.003"/>
  <system-out/>
</testsuite> <!-- tests.ThreeTest -->
