<?xml version="1.0" encoding="UTF-8"?>
<!-- Generated by org.testng.reporters.JUnitReportReporter -->
<testsuite hostname="CMD5CD93016TZ" failures="0" tests="1" name="tests.RegisterTest" time="40.765" errors="0" timestamp="2022-01-31T10:56:12 GMT" skipped="0">
  <testcase classname="tests.RegisterTest" name="Register" time="40.765"/>
  <system-out/>
</testsuite> <!-- tests.RegisterTest -->
