<?xml version="1.0" encoding="UTF-8"?>
<!-- Generated by org.testng.reporters.JUnitReportReporter -->
<testsuite hostname="CMD5CD93016TZ" failures="0" tests="1" name="mpack.SauceTest" time="4.665" errors="0" timestamp="2022-01-25T13:46:37 GMT" skipped="0">
  <testcase classname="mpack.SauceTest" name="SauceLogin" time="4.665"/>
  <system-out/>
</testsuite> <!-- mpack.SauceTest -->
