<?xml version="1.0" encoding="UTF-8"?>
<!-- Generated by org.testng.reporters.JUnitReportReporter -->
<testsuite hostname="CMD5CD93016TZ" failures="0" tests="1" name="epack.DemoTest" time="17.505" errors="0" timestamp="2022-02-13T10:49:33 GMT" skipped="0">
  <testcase classname="epack.DemoTest" name="testOne" time="17.505"/>
  <system-out/>
</testsuite> <!-- epack.DemoTest -->
